<?xml version="1.0" encoding="UTF-8"?>
<testsuite xmlns:xsi="http://www.w3.org/2001/XMLSchema-instance" xsi:noNamespaceSchemaLocation="https://maven.apache.org/surefire/maven-surefire-plugin/xsd/surefire-test-report-3.0.xsd" version="3.0" name="cucumberOptions.TestRunner" time="36.76" tests="6" errors="0" skipped="0" failures="0">
  <properties>
[...]
</properties>
  <testcase name="the user is on the website &apos;https://www.amazon.co.uk&apos; using &apos;chrome&apos;" classname="Search for a Product" time="8.81">
    <system-out><![CDATA[**** Navigating to site https://www.amazon.co.uk
]]></system-out>
    <system-err><![CDATA[[main] INFO io.github.bonigarcia.wdm.WebDriverManager - Using chromedriver 111.0.5563.64 (resolved driver for Chrome 111)
[main] INFO io.github.bonigarcia.wdm.WebDriverManager - Exporting webdriver.chrome.driver as C:\Users\upa01\.cache\selenium\chromedriver\win32\111.0.5563.64\chromedriver.exe
Starting ChromeDriver 111.0.5563.64 (c710e93d5b63b7095afe8c2c17df34408078439d-refs/branch-heads/5563@{#995}) on port 13499
Only local connections are allowed.
Please see https://chromedriver.chromium.org/security-considerations for suggestions on keeping ChromeDriver safe.
ChromeDriver was started successfully.
Mar 20, 2023 4:04:01 PM org.openqa.selenium.devtools.CdpVersionFinder findNearestMatch
WARNING: Unable to find an exact match for CDP version 111, so returning the closest version found: 110
]]></system-err>
  </testcase>
  <testcase name="the user searches for a product &apos;watch&apos;" classname="Search for a Product" time="5.538">
    <system-out><![CDATA[**** Searching for product
]]></system-out>
  </testcase>
  <testcase name="the search results should be displayed" classname="Search for a Product" time="13.868">
    <system-out><![CDATA[**** Search results are displayed
Search result CSS is: s-main-slot s-result-list s-search-results sg-row
[[ChromeDriver: chrome on WINDOWS (fdb21e021d946a842ff4dab8a4e11d9a)] -> css selector: .s-result-list] is visible
Number of products is: 67
Brand is: Samsung
Product title is: Samsung Galaxy Watch4 40mm Bluetooth Smart Watch, 3 Year Manufacturer Warranty, Black (UK Version)
Product Price is: £199.00
Brand is: HANPOSH
Product title is: Mens Watches Chronograph Stainless Steel Waterproof Analogue Quartz Watch Fashion Casual Business Date Wrist Watches for Men Mens Designer Watches
Product Price is: £25.99
Brand is: BY BENYAR
Product title is: BENYAR Men's Watch Chronograph Waterproof Analog Quartz Watch Men's Designer Casual Watch Date Fashion Men's Watch for Men Leather Strap
Product Price is: £36.99
Brand is: Chicmine
Product title is: HW20 Smart Watch Multifunctional Health Monitoring IP67 Waterproof Fashion BT Calling Sleep Monitoring ECG+PPG Business Watch for
Product Price is: £27.39
Brand is: Casio
Product title is: Collection Unisex Adults Watch MQ-24
Product Price is: £9.99
Brand is: Motast
Product title is: Smart Watch, Fitness Tracker 1.69" Touch Screen Fitness Watch with Heart Rate Sleep Monitor, Step Counter Smart Watch for Men Women Activity Trackers IP68 Waterproof Smartwatch Sports for iOS Android
Product Price is: £20.93
Brand is: Casio
Product title is: Collection Unisex Digital Watch F-91W
Product Price is: £10.99
Brand is: BIDEN
Product title is: Mens Watches Chronograph Stainless Steel Waterproof Date Analog Quartz Watch Business Casual Fashion Wrist Watches for Men
Product Price is: £30.39
Brand is: Casio
Product title is: F91W-1 Casual Sport Watch
Product Price is: £12.88
Brand is: IOWODO
Product title is: IOWODO Smart Watch for Women, Fitness Tracker with Heart Rate/Blood Oxygen/Sleep Monitor/Custom Dials, 5ATM Waterproof Step Counter Watch with 24 Sport Modes Activity Tracker for iOS Android - Pink
Product Price is: £29.99
Brand is: VDSOW
Product title is: Mens Sports Digital Watches - Outdoor Waterproof Sport Watch with Alarm/Timer, Big Face Military Wrist Watches with LED Backlight for Running Men - Black
Product Price is: £13.89
Brand is: Casio
Product title is: Men's Watch in Resin/Acrylic Glass with Neo Display & Buckle - Water Resistant to 50 m
Product Price is: £18.75
Brand is: GOLDEN HOUR
Product title is: Fashion Business Mens Watches with Stainless Steel Waterproof Chronograph Quartz Watch for Men, Auto Date
Product Price is: £33.99
Brand is: HOUAN
Product title is: Smartwatch with Call Receive/Dial 1.83'' HD Full Touchscreen Fitness Tracker Step Calorie Counter Blood Pressure Heart Rate Monitor Sleep Monitoring for Android and iOS Phones
Product Price is: £49.99
Brand is: SOPPY
Product title is: Smart Watch for Women Men, SOPPY Fitness Tracker with with Health Tracking and Heart Rate Sleep Monitor, 1.69" Full Touch Screen IP67 Waterproof Activity Tracker with Pedometer for Android iOS - White
Product Price is: £29.99
Brand is: WallPacle
Product title is: Smart Watch with Make/Dial Calls, 1.7" Touch Screen IP68 Waterproof Smartwatch for Women Men with 24/7 Heart Rate, Blood Oxygen, Sleep Monitor, Step Counter Fitness Tracker for iOS/Android Phone
Product Price is: £46.99
Brand is: Nerunsa
Product title is: Smart Watch Women Men, 1.69" Fitness Tracker with Sleep/Heart Rate Monitor, Calorie/Step Counter Fitness Watch 24 Sports Modes, Shared GPS Smartwatch, I-PX68 Waterpoof Activity Tracker for Android iOS
Product Price is: £20.99
Brand is: HANPOSH
Product title is: Mens Watches Military Watches for Men Analogue Quartz Waterproof Wrist Watches for Men Date Display Nylon Army Tactical Sports Minimalist Watches
Product Price is: £29.99
Brand is: Sekonda
Product title is: Men's Quartz Watch with Analogue Display and Leather Strap
Product Price is: £21.99
Brand is: Invicta
Product title is: Pro Diver 8926OB Men's Automatic Watch - 40 mm
Product Price is: £99.00
Brand is: Bosck
Product title is: Casual Mens Watches No Chronograph, Fashion Sport Mens Wristwatches with Stainless Steel,30M Waterproof Quartz Mens Wrist Watches,Analog Quartz Business Wrist Watch for Men
Product Price is: £15.99
Brand is: OLEVS
Product title is: Men Women Watch Brown Leather Strap Classic Dress Analog Quartz Date Casual Luminous Waterproof Wrist Watch
Product Price is: £36.66
Brand is: MicLee
Product title is: Men's Wrist Watches, Quartz Watch, Business Watch, Student Casual Watch, with Calendar, Alloy Watch, Mineral Glass dial Window, Stainless Steel mesh Band
Product Price is: £23.98
Brand is: Affute
Product title is: Men's Watches with Stainless Steel and Metal Casual Waterproof Chronograph Quartz Watch, Auto Date in Colorful Hands
Product Price is: £39.99
Brand is: Sekonda
Product title is: Women's Quartz Watch 33mm with Stone Set Case, Analogue Display and Stainless Steel Bracelet
Product Price is: £24.99
Brand is: BOSS
Product title is: Chronograph Quartz Watch for Men with Black Leather Strap - 1513853
Product Price is: £125.30
Brand is: Samsung
Product title is: Samsung Galaxy Watch4 40mm Bluetooth Smart Watch, 3 Year Manufacturer Warranty, Black (UK Version)
Product Price is: £199.00
Brand is: Casio
Product title is: Casio Men's MDV106-1AV 200 M WR Black Dive Watch (MDV106-1A)
Product Price is: £68.72
Brand is: Casio
Product title is: Collection Unisex Adults Watch MQ-24
Product Price is: £14.99
Brand is: 
Product title is: 
Product Price is: £.
Brand is: 
Product title is: 
Product Price is: £.
Brand is: 
Product title is: 
Product Price is: £.
Brand is: 
Product title is: 
Product Price is: £.
Brand is: BY BENYAR
Product title is: Mens Watch BY BENYAR Watches Men Chronograph Date Analog Quartz Movement Stylish Sports Designer Wrist Watch 30M Waterproof Elegant Gift for Men…
Product Price is: £33.14
Brand is: Samsung
Product title is: Samsung Galaxy Watch4 40mm Bluetooth Smart Watch, 3 Year Manufacturer Warranty, Pink Gold (UK Version)
Product Price is: £199.00
Brand is: Affute
Product title is: Men's Watches with Stainless Steel and Metal Casual Waterproof Chronograph Quartz Watch, Auto Date in Colorful Hands
Product Price is: £39.99
Brand is: HANPOSH
Product title is: Mens Watches Chronograph Analog Quartz Watch Fashion Business Casual Watch Cool Watches Stainless Steel Waterproof Men's Wrist Watches Luminous Moon Phase Wrist Watch for Men
Product Price is: £25.99
Brand is: MOLOCY
Product title is: Smart Watch, 1.69" Touch Fitness Watch for Women Men, Fitness Tracker Smartwatch with Heart Rate Sleep Monitor Step Counter, 24 Sports Modes IP68 Waterproof Activity Trackers for Android iOS - Upgrade
Product Price is: £35.99
Brand is: HANPOSH
Product title is: Mens Watches Analog Quartz Watch 50M Mens Waterproof Watch Fashion Business Casual Mens Designer Watch with Date Wrist Watches for Men
Product Price is: £19.99
Brand is: Tensky
Product title is: Smart Watch for Men Women (Answer/Make Call), Alexa Built-in, 1.7" Touch Screen Fitness Watch with SpO2 Heart Rate Sleep Monitor, 60 Sports, IP68 Waterproof Step Counter Smart Watch for iPhone Android
Product Price is: £55.99
Brand is: Tommy Hilfiger
Product title is: Mens Multi Dial Quartz Watch Mason
Product Price is: £125.10
Brand is: Timex
Product title is: Easy Reader Women's 25mm Leather Strap Watch T20433
Product Price is: £26.99
Brand is: Ordtop
Product title is: Smart Watch 2021, Fitness Tracker 1.69" Touch Screen Heart Rate Sleep Monitor, IP68 Waterproof Fitness Watch Smartwatch, 24 Modes, Pedometer Activity Trackers Smart Watch for Men Women for Android iOS
Product Price is: £27.99
Brand is: Sookot
Product title is: Sookot Smart Watch, Fitness Watch with 24/7 Blood Pressure and Heart Rate Monitors for Women Men Kids, IP68 Waterproof Activity Trackers, 1.69" Full Touch Smartwatches Compatible with Android iphone
Product Price is: £28.99
Brand is: Growsland
Product title is: Smart Watch for Women Men, 1.7" Touch Screen Fitness Watch with Call Function, Sports Watch Tracker with Heart Rate/Blood Oxygen/Sleep Monitor, Health Phone Smartwatch Waterproof for iPhone Android
Product Price is: £39.99
Brand is: Casio
Product title is: Casio Collection Unisex Digital Watch
Product Price is: £22.56
Brand is: Blackview
Product title is: Blackview Smart Watch for Women, 1.69" Fitness Watch with SpO2/Heart Rate/Sleep Monitor/Body Thermometer, Activity Trackers with Waterproof Calorie Step Counter Smartwatch for Android iOS - Upgrade
Product Price is: £39.99
Brand is: Terry Pratchett Simon Allen
Product title is: The Watch
Product Price is: £1.89
Brand is: Jorest
Product title is: JOREST Watch Battery Replacement Kit, Watchmaker Repair Screwdriver, Watch Opening Tool, Watch Strap Replacement,Watch Back Remover, Watch Case Opener, Watch Back Remover Holder, Spring bar, Tweezers
Product Price is: £8.99
Brand is: KOMUSII
Product title is: Smart Watch, Fitness Tracker 1.44" Touch Screen Fitness Watch with Heart Rate Sleep Monitor, Blood Oxygen,Step Counter Smart Watch for Men Women Activity Trackers Smartwatch Sports for iOS Android
Product Price is: £8.49
Brand is: findtime
Product title is: Military Watches for Men Waterproof Tactical Watches Men Army Digital Sports Outdoor Stopwatch LED Survival Tough Electronic Alarm Clock Black Gold Wrist Watch
Product Price is: £21.99
Brand is: Timex
Product title is: Easy Reader 35 mm Date Window Watch
Product Price is: £36.38
Brand is: Ben Stiller
Product title is: The Watch
Product Price is: £3.49
Brand is: GRV
Product title is: GRV Smart Watch,Fitness Watch with Heart Rate Monitor,Sleep Tracker,Sports Fitness Tracker Watch Pedometer Call SMS Notification Smartwatch for Women Men
Product Price is: £28.99
Brand is: Casio
Product title is: Sport Watch A158
Product Price is: £29.99
Brand is: Fossil
Product title is: Men's Chronograph Quartz Watch with Leather Strap
Product Price is: £89.00
Brand is: Sekonda
Product title is: Mens 45mm Smart Watch with Heart Rate and Sleep Monitor, Daily Activity, Sports, Music, Weather & Message Functions, with Rubber Strap.
Product Price is: £74.55
Brand is: Casio
Product title is: Collection Unisex Adults Watch AQ-230A
Product Price is: £42.90
Brand is: Blackview
Product title is: Blackview Smart Watch (Answer/Make Call), 1.83" Touch Screen Fitness Watch with Heart Rate Sleep Monitor/SpO2/Pressure Test, Calculator/100 Sport Modes/Pedometer, Men Women Smartwatch for iOS Android
Product Price is: £35.99
Brand is: AcclaFit
Product title is: AcclaFit Smart Watch Fitness Tracker with 24/7 Heart Rate, Blood Oxygen Blood Pressure and Sleep Monitor, Full Touch 5 ATM Waterproof Smartwatch, Step Counter Watch for Women Men Kids
Product Price is: £19.99
Brand is: Casio
Product title is: MW-240-1BVEF
Product Price is: £19.49
Brand is: Apple
Product title is: Apple Watch Series 8 (GPS 45mm) Smart watch - Midnight Aluminium Case with Midnight Sport Band - Regular. Fitness Tracker, Blood Oxygen & ECG Apps, Water Resistant
Product Price is: £399.00
Brand is: Sekonda
Product title is: Mens Analogue Classic Quartz Watch with Stainless Steel Strap 1373
Product Price is: £26.99
Brand is: HANPOSH
Product title is: Mens Watches Chronograph Stainless Steel Waterproof Analogue Quartz Watch Fashion Casual Business Date Wrist Watches for Men Mens Designer Watches
Product Price is: £25.99
Brand is: FIUGUOO
Product title is: FIUGUOO Smart Watch (Answer/Dial Call) Fitness Tracker,1.85"HD Large Screen and 113+Sport Modes Smartwatch with Heart Rate Blood Oxygen Sleep Monitor,IP68 Waterproof Step Counter Watch for iOS Android
Product Price is: £25.49
]]></system-out>
    <system-err><![CDATA[[main] INFO Helpers.BaseClass - **** Element does not contain a product ****
[main] INFO Helpers.BaseClass - **** Element does not contain a product ****
]]></system-err>
  </testcase>
  <testcase name="I click on the product &apos;samsung&apos;" classname="Search for a Product" time="7.923">
    <system-out><![CDATA[Product type provided by the test is: samsung
*** Samsung switch statement being executed ***
****************************
PRODUCT NAME : Samsung Galaxy Watch4 40mm Bluetooth Smart Watch, 3 Year Manufacturer Warranty, Black (UK Version)
PRODUCT PRICE : 199.00
PRODUCT SAMSUNG : true
]]></system-out>
    <system-err><![CDATA[[main] INFO Helpers.BaseClass - ** SAMSUNG PRODUCT FOUND **
[main] INFO Helpers.BaseClass - ** SAMSUNG PDP SHOULD BE DISPLAYED **
]]></system-err>
  </testcase>
  <testcase name="the PDP should be displayed" classname="Search for a Product" time="0.099"/>
  <testcase name="" classname="Search for a Product" time="0.101"/>
</testsuite>